Determining if the pthread_create exist failed with the following output:
Change Dir: /home/ant/work/WaterEffect/cudpp/build/CMakeFiles/CMakeTmp

Run Build Command:"/usr/bin/gmake" "cmTC_087cf/fast"
/usr/bin/gmake -f CMakeFiles/cmTC_087cf.dir/build.make CMakeFiles/cmTC_087cf.dir/build
gmake[1] : on entre dans le répertoire « /home/ant/work/WaterEffect/cudpp/build/CMakeFiles/CMakeTmp »
Building C object CMakeFiles/cmTC_087cf.dir/CheckSymbolExists.c.o
/usr/bin/cc   -fPIC    -o CMakeFiles/cmTC_087cf.dir/CheckSymbolExists.c.o   -c /home/ant/work/WaterEffect/cudpp/build/CMakeFiles/CMakeTmp/CheckSymbolExists.c
Linking C executable cmTC_087cf
/usr/bin/cmake -E cmake_link_script CMakeFiles/cmTC_087cf.dir/link.txt --verbose=1
/usr/bin/cc -fPIC     -rdynamic CMakeFiles/cmTC_087cf.dir/CheckSymbolExists.c.o  -o cmTC_087cf 
CMakeFiles/cmTC_087cf.dir/CheckSymbolExists.c.o : Dans la fonction « main » :
CheckSymbolExists.c:(.text+0x1b) : référence indéfinie vers « pthread_create »
collect2: error: ld a retourné le statut de sortie 1
gmake[1]: *** [CMakeFiles/cmTC_087cf.dir/build.make:87: cmTC_087cf] Error 1
gmake[1] : on quitte le répertoire « /home/ant/work/WaterEffect/cudpp/build/CMakeFiles/CMakeTmp »
gmake: *** [Makefile:126: cmTC_087cf/fast] Error 2

File /home/ant/work/WaterEffect/cudpp/build/CMakeFiles/CMakeTmp/CheckSymbolExists.c:
/* */
#include <pthread.h>

int main(int argc, char** argv)
{
  (void)argv;
#ifndef pthread_create
  return ((int*)(&pthread_create))[argc];
#else
  (void)argc;
  return 0;
#endif
}

Determining if the function pthread_create exists in the pthreads failed with the following output:
Change Dir: /home/ant/work/WaterEffect/cudpp/build/CMakeFiles/CMakeTmp

Run Build Command:"/usr/bin/gmake" "cmTC_d8cc7/fast"
/usr/bin/gmake -f CMakeFiles/cmTC_d8cc7.dir/build.make CMakeFiles/cmTC_d8cc7.dir/build
gmake[1] : on entre dans le répertoire « /home/ant/work/WaterEffect/cudpp/build/CMakeFiles/CMakeTmp »
Building C object CMakeFiles/cmTC_d8cc7.dir/CheckFunctionExists.c.o
/usr/bin/cc   -fPIC -DCHECK_FUNCTION_EXISTS=pthread_create   -o CMakeFiles/cmTC_d8cc7.dir/CheckFunctionExists.c.o   -c /usr/share/cmake/Modules/CheckFunctionExists.c
Linking C executable cmTC_d8cc7
/usr/bin/cmake -E cmake_link_script CMakeFiles/cmTC_d8cc7.dir/link.txt --verbose=1
/usr/bin/cc -fPIC -DCHECK_FUNCTION_EXISTS=pthread_create    -rdynamic CMakeFiles/cmTC_d8cc7.dir/CheckFunctionExists.c.o  -o cmTC_d8cc7 -lpthreads 
/usr/bin/ld : ne peut trouver -lpthreads
collect2: error: ld a retourné le statut de sortie 1
gmake[1]: *** [CMakeFiles/cmTC_d8cc7.dir/build.make:87: cmTC_d8cc7] Error 1
gmake[1] : on quitte le répertoire « /home/ant/work/WaterEffect/cudpp/build/CMakeFiles/CMakeTmp »
gmake: *** [Makefile:126: cmTC_d8cc7/fast] Error 2


